app/build/intermediates/manifest_merge_blame_file/debug/manifest-merger-blame-debug-report.txt
1<?xml version="1.0" encoding="utf-8"?>
2<manifest xmlns:android="http://schemas.android.com/apk/res/android"
3    xmlns:dist="http://schemas.android.com/apk/distribution"
4    package="com.example.carezone"
5    android:versionCode="1"
6    android:versionName="1.0" >
7
8    <uses-sdk
9        android:minSdkVersion="19"
9-->src\main\AndroidManifest.xml
10        android:targetSdkVersion="29" />
10-->src\main\AndroidManifest.xml
11
12    <dist:module dist:instant="true" />
12-->src\main\AndroidManifest.xml:6:5-40
12-->src\main\AndroidManifest.xml:6:18-37
13
14    <!-- Although the *SdkVersion is captured in gradle build files, this is required for non gradle builds -->
15    <!-- <uses-sdk android:minSdkVersion="14"/> -->
16    <uses-permission android:name="android.permission.ACCESS_NETWORK_STATE" />
16-->[com.google.firebase:firebase-database:17.0.0] AndroidManifest.xml:25:5-79
16-->[com.google.firebase:firebase-database:17.0.0] AndroidManifest.xml:25:22-76
17    <uses-permission android:name="android.permission.INTERNET" />
17-->[com.google.firebase:firebase-database:17.0.0] AndroidManifest.xml:26:5-67
17-->[com.google.firebase:firebase-database:17.0.0] AndroidManifest.xml:26:22-64
18    <uses-permission android:name="android.permission.WAKE_LOCK" />
18-->[com.google.android.gms:play-services-measurement:17.0.1] AndroidManifest.xml:25:5-68
18-->[com.google.android.gms:play-services-measurement:17.0.1] AndroidManifest.xml:25:22-65
19    <uses-permission android:name="com.google.android.finsky.permission.BIND_GET_INSTALL_REFERRER_SERVICE" /> <!-- Required by older versions of Google Play services to create IID tokens -->
19-->[com.google.android.gms:play-services-measurement:17.0.1] AndroidManifest.xml:26:5-110
19-->[com.google.android.gms:play-services-measurement:17.0.1] AndroidManifest.xml:26:22-107
20    <uses-permission android:name="com.google.android.c2dm.permission.RECEIVE" />
20-->[com.google.firebase:firebase-iid:19.0.0] AndroidManifest.xml:26:5-82
20-->[com.google.firebase:firebase-iid:19.0.0] AndroidManifest.xml:26:22-79
21
22    <application
22-->src\main\AndroidManifest.xml:8:5-34:19
23        android:allowBackup="true"
23-->src\main\AndroidManifest.xml:9:9-35
24        android:appComponentFactory="androidx.core.app.CoreComponentFactory"
24-->[androidx.core:core:1.0.1] AndroidManifest.xml:22:18-86
25        android:debuggable="true"
26        android:icon="@mipmap/ic_launcher"
26-->src\main\AndroidManifest.xml:10:9-43
27        android:label="@string/app_name"
27-->src\main\AndroidManifest.xml:11:9-41
28        android:roundIcon="@mipmap/ic_launcher_round"
28-->src\main\AndroidManifest.xml:12:9-54
29        android:supportsRtl="true"
29-->src\main\AndroidManifest.xml:13:9-35
30        android:testOnly="true"
31        android:theme="@style/AppTheme" >
31-->src\main\AndroidManifest.xml:14:9-40
32        <activity android:name="com.example.carezone.dietplanner" />
32-->src\main\AndroidManifest.xml:15:9-58
32-->src\main\AndroidManifest.xml:15:19-46
33        <activity android:name="com.example.carezone.calander" />
33-->src\main\AndroidManifest.xml:16:9-46
33-->src\main\AndroidManifest.xml:16:19-43
34        <activity android:name="com.example.carezone.medicare" />
34-->src\main\AndroidManifest.xml:17:9-46
34-->src\main\AndroidManifest.xml:17:19-43
35        <activity android:name="com.example.carezone.todolist" />
35-->src\main\AndroidManifest.xml:18:9-46
35-->src\main\AndroidManifest.xml:18:19-43
36        <activity android:name="com.example.carezone.dashboard" />
36-->src\main\AndroidManifest.xml:19:9-47
36-->src\main\AndroidManifest.xml:19:19-44
37        <activity android:name="com.example.carezone.signup" />
37-->src\main\AndroidManifest.xml:20:9-44
37-->src\main\AndroidManifest.xml:20:19-41
38        <activity android:name="com.example.carezone.loginact" />
38-->src\main\AndroidManifest.xml:21:9-46
38-->src\main\AndroidManifest.xml:21:19-43
39        <activity android:name="com.example.carezone.Main2" />
39-->src\main\AndroidManifest.xml:22:9-43
39-->src\main\AndroidManifest.xml:22:19-40
40        <activity android:name="com.example.carezone.MainActivity" >
40-->src\main\AndroidManifest.xml:23:9-29:20
40-->src\main\AndroidManifest.xml:23:19-47
41            <intent-filter>
41-->src\main\AndroidManifest.xml:24:13-28:29
42                <action android:name="android.intent.action.MAIN" />
42-->src\main\AndroidManifest.xml:25:17-69
42-->src\main\AndroidManifest.xml:25:25-66
43
44                <category android:name="android.intent.category.LAUNCHER" />
44-->src\main\AndroidManifest.xml:27:17-77
44-->src\main\AndroidManifest.xml:27:27-74
45            </intent-filter>
46        </activity>
47
48        <meta-data
48-->src\main\AndroidManifest.xml:31:9-33:57
49            android:name="preloaded_fonts"
49-->src\main\AndroidManifest.xml:32:13-43
50            android:resource="@array/preloaded_fonts" />
50-->src\main\AndroidManifest.xml:33:13-54
51
52        <activity
52-->[com.google.firebase:firebase-auth:11.8.0] AndroidManifest.xml:23:9-29:75
53            android:name="com.google.firebase.auth.internal.FederatedSignInActivity"
53-->[com.google.firebase:firebase-auth:11.8.0] AndroidManifest.xml:24:13-85
54            android:excludeFromRecents="true"
54-->[com.google.firebase:firebase-auth:11.8.0] AndroidManifest.xml:25:13-46
55            android:exported="true"
55-->[com.google.firebase:firebase-auth:11.8.0] AndroidManifest.xml:26:13-36
56            android:launchMode="singleInstance"
56-->[com.google.firebase:firebase-auth:11.8.0] AndroidManifest.xml:27:13-48
57            android:permission="com.google.firebase.auth.api.gms.permission.LAUNCH_FEDERATED_SIGN_IN"
57-->[com.google.firebase:firebase-auth:11.8.0] AndroidManifest.xml:28:13-102
58            android:theme="@android:style/Theme.Translucent.NoTitleBar" />
58-->[com.google.firebase:firebase-auth:11.8.0] AndroidManifest.xml:29:13-72
59
60        <service
60-->[com.google.firebase:firebase-database:17.0.0] AndroidManifest.xml:29:9-33:19
61            android:name="com.google.firebase.components.ComponentDiscoveryService"
61-->[com.google.firebase:firebase-database:17.0.0] AndroidManifest.xml:29:18-89
62            android:exported="false" >
62-->[com.google.android.gms:play-services-measurement-api:17.0.1] AndroidManifest.xml:29:13-37
63            <meta-data
63-->[com.google.firebase:firebase-database:17.0.0] AndroidManifest.xml:30:13-32:85
64                android:name="com.google.firebase.components:com.google.firebase.database.DatabaseRegistrar"
64-->[com.google.firebase:firebase-database:17.0.0] AndroidManifest.xml:31:17-109
65                android:value="com.google.firebase.components.ComponentRegistrar" />
65-->[com.google.firebase:firebase-database:17.0.0] AndroidManifest.xml:32:17-82
66            <meta-data
66-->[com.google.android.gms:play-services-measurement-api:17.0.1] AndroidManifest.xml:30:13-32:85
67                android:name="com.google.firebase.components:com.google.firebase.analytics.connector.internal.AnalyticsConnectorRegistrar"
67-->[com.google.android.gms:play-services-measurement-api:17.0.1] AndroidManifest.xml:31:17-139
68                android:value="com.google.firebase.components.ComponentRegistrar" />
68-->[com.google.android.gms:play-services-measurement-api:17.0.1] AndroidManifest.xml:32:17-82
69            <meta-data
69-->[com.google.firebase:firebase-iid:19.0.0] AndroidManifest.xml:32:13-34:85
70                android:name="com.google.firebase.components:com.google.firebase.iid.Registrar"
70-->[com.google.firebase:firebase-iid:19.0.0] AndroidManifest.xml:33:17-96
71                android:value="com.google.firebase.components.ComponentRegistrar" />
71-->[com.google.firebase:firebase-iid:19.0.0] AndroidManifest.xml:34:17-82
72        </service>
73
74        <receiver
74-->[com.google.android.gms:play-services-measurement:17.0.1] AndroidManifest.xml:29:9-33:20
75            android:name="com.google.android.gms.measurement.AppMeasurementReceiver"
75-->[com.google.android.gms:play-services-measurement:17.0.1] AndroidManifest.xml:30:13-85
76            android:enabled="true"
76-->[com.google.android.gms:play-services-measurement:17.0.1] AndroidManifest.xml:31:13-35
77            android:exported="false" >
77-->[com.google.android.gms:play-services-measurement:17.0.1] AndroidManifest.xml:32:13-37
78        </receiver>
79        <receiver
79-->[com.google.android.gms:play-services-measurement:17.0.1] AndroidManifest.xml:34:9-42:20
80            android:name="com.google.android.gms.measurement.AppMeasurementInstallReferrerReceiver"
80-->[com.google.android.gms:play-services-measurement:17.0.1] AndroidManifest.xml:35:13-100
81            android:enabled="true"
81-->[com.google.android.gms:play-services-measurement:17.0.1] AndroidManifest.xml:36:13-35
82            android:exported="true"
82-->[com.google.android.gms:play-services-measurement:17.0.1] AndroidManifest.xml:37:13-36
83            android:permission="android.permission.INSTALL_PACKAGES" >
83-->[com.google.android.gms:play-services-measurement:17.0.1] AndroidManifest.xml:38:13-69
84            <intent-filter>
84-->[com.google.android.gms:play-services-measurement:17.0.1] AndroidManifest.xml:39:13-41:29
85                <action android:name="com.android.vending.INSTALL_REFERRER" />
85-->[com.google.android.gms:play-services-measurement:17.0.1] AndroidManifest.xml:40:17-79
85-->[com.google.android.gms:play-services-measurement:17.0.1] AndroidManifest.xml:40:25-76
86            </intent-filter>
87        </receiver>
88
89        <service
89-->[com.google.android.gms:play-services-measurement:17.0.1] AndroidManifest.xml:44:9-47:40
90            android:name="com.google.android.gms.measurement.AppMeasurementService"
90-->[com.google.android.gms:play-services-measurement:17.0.1] AndroidManifest.xml:45:13-84
91            android:enabled="true"
91-->[com.google.android.gms:play-services-measurement:17.0.1] AndroidManifest.xml:46:13-35
92            android:exported="false" />
92-->[com.google.android.gms:play-services-measurement:17.0.1] AndroidManifest.xml:47:13-37
93        <service
93-->[com.google.android.gms:play-services-measurement:17.0.1] AndroidManifest.xml:48:9-52:72
94            android:name="com.google.android.gms.measurement.AppMeasurementJobService"
94-->[com.google.android.gms:play-services-measurement:17.0.1] AndroidManifest.xml:49:13-87
95            android:enabled="true"
95-->[com.google.android.gms:play-services-measurement:17.0.1] AndroidManifest.xml:50:13-35
96            android:exported="false"
96-->[com.google.android.gms:play-services-measurement:17.0.1] AndroidManifest.xml:51:13-37
97            android:permission="android.permission.BIND_JOB_SERVICE" />
97-->[com.google.android.gms:play-services-measurement:17.0.1] AndroidManifest.xml:52:13-69
98
99        <receiver
99-->[com.google.firebase:firebase-iid:19.0.0] AndroidManifest.xml:37:9-44:20
100            android:name="com.google.firebase.iid.FirebaseInstanceIdReceiver"
100-->[com.google.firebase:firebase-iid:19.0.0] AndroidManifest.xml:38:13-78
101            android:exported="true"
101-->[com.google.firebase:firebase-iid:19.0.0] AndroidManifest.xml:39:13-36
102            android:permission="com.google.android.c2dm.permission.SEND" >
102-->[com.google.firebase:firebase-iid:19.0.0] AndroidManifest.xml:40:13-73
103            <intent-filter>
103-->[com.google.firebase:firebase-iid:19.0.0] AndroidManifest.xml:41:13-43:29
104                <action android:name="com.google.android.c2dm.intent.RECEIVE" />
104-->[com.google.firebase:firebase-iid:19.0.0] AndroidManifest.xml:42:17-81
104-->[com.google.firebase:firebase-iid:19.0.0] AndroidManifest.xml:42:25-78
105            </intent-filter>
106        </receiver>
107
108        <provider
108-->[com.google.firebase:firebase-common:18.0.0] AndroidManifest.xml:12:9-16:39
109            android:name="com.google.firebase.provider.FirebaseInitProvider"
109-->[com.google.firebase:firebase-common:18.0.0] AndroidManifest.xml:13:13-77
110            android:authorities="com.example.carezone.firebaseinitprovider"
110-->[com.google.firebase:firebase-common:18.0.0] AndroidManifest.xml:14:13-72
111            android:exported="false"
111-->[com.google.firebase:firebase-common:18.0.0] AndroidManifest.xml:15:13-37
112            android:initOrder="100" />
112-->[com.google.firebase:firebase-common:18.0.0] AndroidManifest.xml:16:13-36
113
114        <activity
114-->[com.google.android.gms:play-services-base:17.0.0] AndroidManifest.xml:23:9-26:75
115            android:name="com.google.android.gms.common.api.GoogleApiActivity"
115-->[com.google.android.gms:play-services-base:17.0.0] AndroidManifest.xml:24:13-79
116            android:exported="false"
116-->[com.google.android.gms:play-services-base:17.0.0] AndroidManifest.xml:25:13-37
117            android:theme="@android:style/Theme.Translucent.NoTitleBar" />
117-->[com.google.android.gms:play-services-base:17.0.0] AndroidManifest.xml:26:13-72
118
119        <meta-data
119-->[com.google.android.gms:play-services-basement:17.0.0] AndroidManifest.xml:23:9-25:69
120            android:name="com.google.android.gms.version"
120-->[com.google.android.gms:play-services-basement:17.0.0] AndroidManifest.xml:24:13-58
121            android:value="@integer/google_play_services_version" />
121-->[com.google.android.gms:play-services-basement:17.0.0] AndroidManifest.xml:25:13-66
122    </application>
123
124</manifest>